android-tools
archlinuxcn-mirrorlist-git
aria2
atool
autoconf
automake
bat
bind
binutils
bison
bottom
bridge-utils
ccache
clang
cloc
cmake
docker
doxygen
duf
dust
eslint
evtest
fd
ffmpeg
flake8
flex
fq
fzf
gawk
gcc
gdb
gdu
genie-systemd
gettext
git
git-delta
git-lfs
glew
go
graphicsmagick
grep
groff
gzip
hexyl
highlight
hspell
hunspell
imagemagick
inetutils
intel-media-driver
intel-media-sdk
iproute2
iputils
jq
keychain
libcaca
libev
libstdc++-doc
libtool
libva-utils
libvoikko
libxrandr
libxss
llvm
lsb-release
lsd
lshw
lsof
m4
make
man-pages
man-pages-zh_cn
moreutils
mosh
namcap
nasm
ncurses5-compat-libs
neofetch
neovim
net-tools
nodejs
npm
nuspell
openbsd-netcat
openssh
pacman
patch
pkgconf
pkgfile
plantuml
procs
psmisc
pv
python-pip
qt5-base
qt5-x11extras
ranger
ripgrep
sed
shellcheck
strace
sudo
systemd
tcpdump
termshark
texinfo
tidy
tig
tmux
traceroute
trash-cli
tree
unrar
unzip
valgrind
vmaf
wget
which
wtf
xcape
xdotool
xscreensaver
yaourt
yapf
yarn
yasm
zip
zsh
